2021-03-04 15:40:21 [INFO] [background-preinit] [org.hibernate.validator.internal.util.Version:21] - HV000001: Hibernate Validator 6.1.6.Final 
2021-03-04 15:40:21 [INFO] [main] [org.springframework.boot.StartupInfoLogger:55] - Starting SpringWebYmlTest on HUBL7R78OQUKQRD with PID 21180 (started by admin in E:\Java Workspace\blog\blog-web) 
2021-03-04 15:40:21 [INFO] [main] [org.springframework.boot.SpringApplication:655] - The following profiles are active: dev 
2021-03-04 15:40:22 [INFO] [main] [org.springframework.data.repository.config.RepositoryConfigurationDelegate:249] - Multiple Spring Data modules found, entering strict repository configuration mode! 
2021-03-04 15:40:22 [INFO] [main] [org.springframework.data.repository.config.RepositoryConfigurationDelegate:127] - Bootstrapping Spring Data Redis repositories in DEFAULT mode. 
2021-03-04 15:40:22 [INFO] [main] [org.springframework.data.repository.config.RepositoryConfigurationDelegate:187] - Finished Spring Data repository scanning in 19ms. Found 0 Redis repository interfaces. 
2021-03-04 15:40:22 [INFO] [main] [org.springframework.context.support.PostProcessorRegistrationDelegate$BeanPostProcessorChecker:335] - Bean 'validatorConfiguration' of type [cn.tqyao.blog.common.validated.ValidatorConfiguration$$EnhancerBySpringCGLIB$$ef4bec76] is not eligible for getting processed by all BeanPostProcessors (for example: not eligible for auto-proxying) 
2021-03-04 15:40:22 [INFO] [main] [org.springframework.context.support.PostProcessorRegistrationDelegate$BeanPostProcessorChecker:335] - Bean 'validator' of type [org.hibernate.validator.internal.engine.ValidatorImpl] is not eligible for getting processed by all BeanPostProcessors (for example: not eligible for auto-proxying) 
2021-03-04 15:40:22 [INFO] [main] [org.springframework.context.support.PostProcessorRegistrationDelegate$BeanPostProcessorChecker:335] - Bean 'redisConfig' of type [cn.tqyao.blog.common.redis.RedisConfig$$EnhancerBySpringCGLIB$$c6381080] is not eligible for getting processed by all BeanPostProcessors (for example: not eligible for auto-proxying) 
2021-03-04 15:40:22 [INFO] [main] [org.springframework.context.support.PostProcessorRegistrationDelegate$BeanPostProcessorChecker:335] - Bean 'org.springframework.security.access.expression.method.DefaultMethodSecurityExpressionHandler@22d9ca63' of type [org.springframework.security.access.expression.method.DefaultMethodSecurityExpressionHandler] is not eligible for getting processed by all BeanPostProcessors (for example: not eligible for auto-proxying) 
2021-03-04 15:40:22 [INFO] [main] [org.springframework.context.support.PostProcessorRegistrationDelegate$BeanPostProcessorChecker:335] - Bean 'methodSecurityMetadataSource' of type [org.springframework.security.access.method.DelegatingMethodSecurityMetadataSource] is not eligible for getting processed by all BeanPostProcessors (for example: not eligible for auto-proxying) 
2021-03-04 15:40:25 [INFO] [main] [org.springframework.security.web.DefaultSecurityFilterChain:43] - Creating filter chain: Ant [pattern='/doc.html'], [] 
2021-03-04 15:40:25 [INFO] [main] [org.springframework.security.web.DefaultSecurityFilterChain:43] - Creating filter chain: Ant [pattern='/v2/**'], [] 
2021-03-04 15:40:25 [INFO] [main] [org.springframework.security.web.DefaultSecurityFilterChain:43] - Creating filter chain: Ant [pattern='/v3/**'], [] 
2021-03-04 15:40:25 [INFO] [main] [org.springframework.security.web.DefaultSecurityFilterChain:43] - Creating filter chain: Ant [pattern='/swagger**/**'], [] 
2021-03-04 15:40:25 [INFO] [main] [org.springframework.security.web.DefaultSecurityFilterChain:43] - Creating filter chain: Ant [pattern='/webjars/**'], [] 
2021-03-04 15:40:25 [INFO] [main] [org.springframework.security.web.DefaultSecurityFilterChain:43] - Creating filter chain: Ant [pattern='/**/*.js'], [] 
2021-03-04 15:40:25 [INFO] [main] [org.springframework.security.web.DefaultSecurityFilterChain:43] - Creating filter chain: Ant [pattern='/**/*.css'], [] 
2021-03-04 15:40:25 [INFO] [main] [org.springframework.security.web.DefaultSecurityFilterChain:43] - Creating filter chain: Ant [pattern='/**/*.png'], [] 
2021-03-04 15:40:25 [INFO] [main] [org.springframework.security.web.DefaultSecurityFilterChain:43] - Creating filter chain: Ant [pattern='/**/*.ico'], [] 
2021-03-04 15:40:25 [INFO] [main] [org.springframework.security.web.DefaultSecurityFilterChain:43] - Creating filter chain: Ant [pattern='/**/error'], [] 
2021-03-04 15:40:25 [INFO] [main] [org.springframework.security.web.DefaultSecurityFilterChain:43] - Creating filter chain: any request, [org.springframework.security.web.context.request.async.WebAsyncManagerIntegrationFilter@22aee519, org.springframework.security.web.context.SecurityContextPersistenceFilter@5e158f33, org.springframework.security.web.header.HeaderWriterFilter@35e07e19, org.springframework.web.filter.CorsFilter@7c226095, org.springframework.security.web.authentication.logout.LogoutFilter@2c7ad4f3, cn.tqyao.blog.security.filter.SecurityLoginAuthenticationFilter@7ea07516, cn.tqyao.blog.security.filter.SecurityAuthenticationFilter@30af23fd, org.springframework.security.web.savedrequest.RequestCacheAwareFilter@399af6dc, org.springframework.security.web.servletapi.SecurityContextHolderAwareRequestFilter@2b35c7aa, org.springframework.security.web.authentication.AnonymousAuthenticationFilter@65fc8edc, org.springframework.security.web.session.SessionManagementFilter@2036f83, org.springframework.security.web.access.ExceptionTranslationFilter@1a84a8b2, org.springframework.security.web.access.intercept.FilterSecurityInterceptor@7fac18dc] 
2021-03-04 15:40:25 [INFO] [main] [org.springframework.scheduling.concurrent.ExecutorConfigurationSupport:181] - Initializing ExecutorService 'applicationTaskExecutor' 
2021-03-04 15:40:27 [INFO] [main] [org.springframework.boot.StartupInfoLogger:61] - Started SpringWebYmlTest in 6.335 seconds (JVM running for 7.183) 
2021-03-04 15:40:27 [INFO] [main] [com.zaxxer.hikari.HikariDataSource:110] - DatebookHikariCP - Starting... 
2021-03-04 15:40:28 [INFO] [main] [com.zaxxer.hikari.HikariDataSource:110] - DatebookHikariCP - Starting... 
2021-03-04 15:40:31 [INFO] [main] [com.zaxxer.hikari.HikariDataSource:110] - DatebookHikariCP - Starting... 
2021-03-04 15:40:32 [INFO] [SpringContextShutdownHook] [org.springframework.scheduling.concurrent.ExecutorConfigurationSupport:218] - Shutting down ExecutorService 'applicationTaskExecutor' 
